<?xml version="1.0" encoding="UTF-8"?>
<coverage generated="1541209605811" clover="3.2.0">
  <project timestamp="1541209605811" name="All files">
    <metrics statements="82" coveredstatements="56" conditionals="24" coveredconditionals="15" methods="34" coveredmethods="19" elements="140" coveredelements="90" complexity="0" loc="82" ncloc="82" packages="6" files="12" classes="12">
      <package name="src">
        <metrics statements="2" coveredstatements="2" conditionals="0" coveredconditionals="0" methods="1" coveredmethods="1"/>
        <file name="routes.jsx" path="/Users/helenkang/Downloads/frontend-challenge-master/outlier-ui-challenge-master/src/routes.jsx">
          <metrics statements="2" coveredstatements="2" conditionals="0" coveredconditionals="0" methods="1" coveredmethods="1"/>
          <line num="8" count="1" type="stmt"/>
          <line num="9" count="1" type="stmt"/>
        </file>
      </package>
      <package name="src.actions">
        <metrics statements="31" coveredstatements="19" conditionals="10" coveredconditionals="3" methods="13" coveredmethods="4"/>
        <file name="Launches.js" path="/Users/helenkang/Downloads/frontend-challenge-master/outlier-ui-challenge-master/src/actions/Launches.js">
          <metrics statements="9" coveredstatements="9" conditionals="4" coveredconditionals="3" methods="6" coveredmethods="4"/>
          <line num="3" count="1" type="stmt"/>
          <line num="8" count="1" type="stmt"/>
          <line num="12" count="1" type="stmt"/>
          <line num="19" count="1" type="stmt"/>
          <line num="20" count="1" type="stmt"/>
          <line num="21" count="1" type="stmt"/>
          <line num="24" count="1" type="cond" truecount="1" falsecount="1"/>
          <line num="26" count="1" type="stmt"/>
          <line num="27" count="1" type="cond" truecount="2" falsecount="0"/>
        </file>
        <file name="Rocket.js" path="/Users/helenkang/Downloads/frontend-challenge-master/outlier-ui-challenge-master/src/actions/Rocket.js">
          <metrics statements="22" coveredstatements="10" conditionals="6" coveredconditionals="0" methods="7" coveredmethods="0"/>
          <line num="3" count="1" type="stmt"/>
          <line num="4" count="1" type="stmt"/>
          <line num="6" count="1" type="stmt"/>
          <line num="8" count="1" type="stmt"/>
          <line num="9" count="0" type="stmt"/>
          <line num="12" count="1" type="stmt"/>
          <line num="17" count="1" type="stmt"/>
          <line num="21" count="1" type="stmt"/>
          <line num="28" count="1" type="stmt"/>
          <line num="29" count="0" type="stmt"/>
          <line num="30" count="0" type="stmt"/>
          <line num="31" count="0" type="stmt"/>
          <line num="32" count="0" type="stmt"/>
          <line num="35" count="1" type="stmt"/>
          <line num="36" count="0" type="stmt"/>
          <line num="37" count="0" type="cond" truecount="0" falsecount="2"/>
          <line num="38" count="0" type="stmt"/>
          <line num="40" count="0" type="cond" truecount="0" falsecount="2"/>
          <line num="41" count="0" type="stmt"/>
          <line num="44" count="0" type="stmt"/>
          <line num="47" count="1" type="stmt"/>
          <line num="48" count="0" type="cond" truecount="0" falsecount="2"/>
        </file>
      </package>
      <package name="src.components">
        <metrics statements="6" coveredstatements="5" conditionals="2" coveredconditionals="2" methods="3" coveredmethods="2"/>
        <file name="Launch.jsx" path="/Users/helenkang/Downloads/frontend-challenge-master/outlier-ui-challenge-master/src/components/Launch.jsx">
          <metrics statements="4" coveredstatements="3" conditionals="2" coveredconditionals="2" methods="2" coveredmethods="1"/>
          <line num="4" count="1" type="stmt"/>
          <line num="6" count="2" type="stmt"/>
          <line num="16" count="0" type="stmt"/>
          <line num="24" count="1" type="stmt"/>
        </file>
        <file name="Navigation.jsx" path="/Users/helenkang/Downloads/frontend-challenge-master/outlier-ui-challenge-master/src/components/Navigation.jsx">
          <metrics statements="2" coveredstatements="2" conditionals="0" coveredconditionals="0" methods="1" coveredmethods="1"/>
          <line num="4" count="1" type="stmt"/>
          <line num="5" count="1" type="stmt"/>
        </file>
      </package>
      <package name="src.services">
        <metrics statements="5" coveredstatements="5" conditionals="0" coveredconditionals="0" methods="1" coveredmethods="1"/>
        <file name="LaunchService.js" path="/Users/helenkang/Downloads/frontend-challenge-master/outlier-ui-challenge-master/src/services/LaunchService.js">
          <metrics statements="5" coveredstatements="5" conditionals="0" coveredconditionals="0" methods="1" coveredmethods="1"/>
          <line num="3" count="1" type="stmt"/>
          <line num="4" count="1" type="stmt"/>
          <line num="6" count="1" type="stmt"/>
          <line num="8" count="1" type="stmt"/>
          <line num="9" count="1" type="stmt"/>
        </file>
      </package>
      <package name="src.stores">
        <metrics statements="12" coveredstatements="9" conditionals="6" coveredconditionals="5" methods="6" coveredmethods="3"/>
        <file name="LaunchCollectionReducer.js" path="/Users/helenkang/Downloads/frontend-challenge-master/outlier-ui-challenge-master/src/stores/LaunchCollectionReducer.js">
          <metrics statements="5" coveredstatements="4" conditionals="3" coveredconditionals="3" methods="3" coveredmethods="2"/>
          <line num="3" count="1" type="stmt"/>
          <line num="8" count="1" type="stmt"/>
          <line num="9" count="1" type="stmt"/>
          <line num="13" count="0" type="stmt"/>
          <line num="21" count="4" type="cond" truecount="2" falsecount="0"/>
        </file>
        <file name="RocketCollectionReducer.js" path="/Users/helenkang/Downloads/frontend-challenge-master/outlier-ui-challenge-master/src/stores/RocketCollectionReducer.js">
          <metrics statements="5" coveredstatements="3" conditionals="3" coveredconditionals="2" methods="3" coveredmethods="1"/>
          <line num="3" count="1" type="stmt"/>
          <line num="8" count="1" type="stmt"/>
          <line num="9" count="0" type="stmt"/>
          <line num="13" count="0" type="stmt"/>
          <line num="21" count="4" type="cond" truecount="1" falsecount="1"/>
        </file>
        <file name="Root.js" path="/Users/helenkang/Downloads/frontend-challenge-master/outlier-ui-challenge-master/src/stores/Root.js">
          <metrics statements="2" coveredstatements="2" conditionals="0" coveredconditionals="0" methods="0" coveredmethods="0"/>
          <line num="5" count="1" type="stmt"/>
          <line num="10" count="1" type="stmt"/>
        </file>
      </package>
      <package name="src.views">
        <metrics statements="26" coveredstatements="16" conditionals="6" coveredconditionals="5" methods="10" coveredmethods="8"/>
        <file name="ConnectedView.jsx" path="/Users/helenkang/Downloads/frontend-challenge-master/outlier-ui-challenge-master/src/views/ConnectedView.jsx">
          <metrics statements="6" coveredstatements="6" conditionals="0" coveredconditionals="0" methods="4" coveredmethods="4"/>
          <line num="7" count="1" type="stmt"/>
          <line num="13" count="2" type="stmt"/>
          <line num="18" count="2" type="stmt"/>
          <line num="26" count="2" type="stmt"/>
          <line num="28" count="1" type="stmt"/>
          <line num="32" count="1" type="stmt"/>
        </file>
        <file name="Launches.jsx" path="/Users/helenkang/Downloads/frontend-challenge-master/outlier-ui-challenge-master/src/views/Launches.jsx">
          <metrics statements="18" coveredstatements="8" conditionals="6" coveredconditionals="5" methods="5" coveredmethods="3"/>
          <line num="20" count="1" type="stmt"/>
          <line num="21" count="1" type="stmt"/>
          <line num="27" count="0" type="stmt"/>
          <line num="28" count="0" type="stmt"/>
          <line num="29" count="0" type="stmt"/>
          <line num="33" count="2" type="stmt"/>
          <line num="35" count="2" type="cond" truecount="4" falsecount="0"/>
          <line num="36" count="1" type="stmt"/>
          <line num="39" count="1" type="cond" truecount="1" falsecount="1"/>
          <line num="40" count="1" type="stmt"/>
          <line num="43" count="0" type="stmt"/>
          <line num="45" count="0" type="stmt"/>
          <line num="46" count="0" type="stmt"/>
          <line num="47" count="0" type="stmt"/>
          <line num="49" count="0" type="stmt"/>
          <line num="53" count="0" type="stmt"/>
          <line num="59" count="0" type="stmt"/>
          <line num="63" count="2" type="stmt"/>
        </file>
        <file name="Layout.jsx" path="/Users/helenkang/Downloads/frontend-challenge-master/outlier-ui-challenge-master/src/views/Layout.jsx">
          <metrics statements="2" coveredstatements="2" conditionals="0" coveredconditionals="0" methods="1" coveredmethods="1"/>
          <line num="3" count="1" type="stmt"/>
          <line num="6" count="2" type="stmt"/>
        </file>
      </package>
    </metrics>
  </project>
</coverage>
