{"/Users/helenkang/Downloads/frontend-challenge-master/outlier-ui-challenge-master/src/routes.jsx": {"path":"/Users/helenkang/Downloads/frontend-challenge-master/outlier-ui-challenge-master/src/routes.jsx","statementMap":{"0":{"start":{"line":8,"column":15},"end":{"line":15,"column":1}},"1":{"start":{"line":9,"column":2},"end":{"line":14,"column":11}}},"fnMap":{"0":{"name":"(anonymous_0)","decl":{"start":{"line":8,"column":15},"end":{"line":8,"column":16}},"loc":{"start":{"line":9,"column":2},"end":{"line":14,"column":11}},"line":9}},"branchMap":{},"s":{"0":1,"1":1},"f":{"0":1},"b":{},"_coverageSchema":"332fd63041d2c1bcb487cc26dd0d5f7d97098a6c","hash":"97df96d3f755d906ef6af3cd47822dcab0cd039f"}
,"/Users/helenkang/Downloads/frontend-challenge-master/outlier-ui-challenge-master/src/actions/Launches.js": {"path":"/Users/helenkang/Downloads/frontend-challenge-master/outlier-ui-challenge-master/src/actions/Launches.js","statementMap":{"0":{"start":{"line":3,"column":23},"end":{"line":6,"column":1}},"1":{"start":{"line":8,"column":31},"end":{"line":10,"column":2}},"2":{"start":{"line":8,"column":38},"end":{"line":10,"column":1}},"3":{"start":{"line":12,"column":24},"end":{"line":17,"column":2}},"4":{"start":{"line":12,"column":37},"end":{"line":17,"column":1}},"5":{"start":{"line":19,"column":29},"end":{"line":22,"column":1}},"6":{"start":{"line":20,"column":2},"end":{"line":20,"column":30}},"7":{"start":{"line":21,"column":2},"end":{"line":21,"column":83}},"8":{"start":{"line":21,"column":46},"end":{"line":21,"column":81}},"9":{"start":{"line":24,"column":28},"end":{"line":24,"column":95}},"10":{"start":{"line":24,"column":48},"end":{"line":24,"column":95}},"11":{"start":{"line":26,"column":37},"end":{"line":27,"column":66}},"12":{"start":{"line":27,"column":2},"end":{"line":27,"column":66}}},"fnMap":{"0":{"name":"(anonymous_0)","decl":{"start":{"line":8,"column":31},"end":{"line":8,"column":32}},"loc":{"start":{"line":8,"column":38},"end":{"line":10,"column":1}},"line":8},"1":{"name":"(anonymous_1)","decl":{"start":{"line":12,"column":24},"end":{"line":12,"column":25}},"loc":{"start":{"line":12,"column":37},"end":{"line":17,"column":1}},"line":12},"2":{"name":"(anonymous_2)","decl":{"start":{"line":19,"column":29},"end":{"line":19,"column":30}},"loc":{"start":{"line":19,"column":41},"end":{"line":22,"column":1}},"line":19},"3":{"name":"(anonymous_3)","decl":{"start":{"line":21,"column":34},"end":{"line":21,"column":35}},"loc":{"start":{"line":21,"column":46},"end":{"line":21,"column":81}},"line":21},"4":{"name":"(anonymous_4)","decl":{"start":{"line":24,"column":28},"end":{"line":24,"column":29}},"loc":{"start":{"line":24,"column":48},"end":{"line":24,"column":95}},"line":24},"5":{"name":"(anonymous_5)","decl":{"start":{"line":26,"column":37},"end":{"line":26,"column":38}},"loc":{"start":{"line":27,"column":2},"end":{"line":27,"column":66}},"line":27}},"branchMap":{"0":{"loc":{"start":{"line":24,"column":48},"end":{"line":24,"column":95}},"type":"binary-expr","locations":[{"start":{"line":24,"column":48},"end":{"line":24,"column":65}},{"start":{"line":24,"column":69},"end":{"line":24,"column":95}}],"line":24},"1":{"loc":{"start":{"line":27,"column":2},"end":{"line":27,"column":66}},"type":"binary-expr","locations":[{"start":{"line":27,"column":2},"end":{"line":27,"column":39}},{"start":{"line":27,"column":43},"end":{"line":27,"column":66}}],"line":27}},"s":{"0":1,"1":1,"2":1,"3":1,"4":0,"5":1,"6":1,"7":1,"8":0,"9":1,"10":1,"11":1,"12":1},"f":{"0":1,"1":0,"2":1,"3":0,"4":1,"5":1},"b":{"0":[1,0],"1":[1,1]},"_coverageSchema":"332fd63041d2c1bcb487cc26dd0d5f7d97098a6c","hash":"f3e9565477b26cef513f093c9341dec40d451b20"}
,"/Users/helenkang/Downloads/frontend-challenge-master/outlier-ui-challenge-master/src/actions/Rocket.js": {"path":"/Users/helenkang/Downloads/frontend-challenge-master/outlier-ui-challenge-master/src/actions/Rocket.js","statementMap":{"0":{"start":{"line":3,"column":21},"end":{"line":3,"column":52}},"1":{"start":{"line":4,"column":19},"end":{"line":4,"column":44}},"2":{"start":{"line":6,"column":12},"end":{"line":6,"column":26}},"3":{"start":{"line":8,"column":16},"end":{"line":10,"column":1}},"4":{"start":{"line":9,"column":2},"end":{"line":9,"column":40}},"5":{"start":{"line":12,"column":23},"end":{"line":15,"column":1}},"6":{"start":{"line":17,"column":29},"end":{"line":19,"column":2}},"7":{"start":{"line":17,"column":36},"end":{"line":19,"column":1}},"8":{"start":{"line":21,"column":22},"end":{"line":26,"column":2}},"9":{"start":{"line":21,"column":35},"end":{"line":26,"column":1}},"10":{"start":{"line":28,"column":27},"end":{"line":33,"column":1}},"11":{"start":{"line":29,"column":17},"end":{"line":29,"column":30}},"12":{"start":{"line":30,"column":18},"end":{"line":30,"column":32}},"13":{"start":{"line":31,"column":2},"end":{"line":31,"column":28}},"14":{"start":{"line":32,"column":2},"end":{"line":32,"column":80}},"15":{"start":{"line":32,"column":45},"end":{"line":32,"column":78}},"16":{"start":{"line":35,"column":26},"end":{"line":45,"column":1}},"17":{"start":{"line":36,"column":20},"end":{"line":36,"column":25}},"18":{"start":{"line":37,"column":2},"end":{"line":39,"column":3}},"19":{"start":{"line":38,"column":4},"end":{"line":38,"column":23}},"20":{"start":{"line":40,"column":2},"end":{"line":42,"column":3}},"21":{"start":{"line":41,"column":4},"end":{"line":41,"column":23}},"22":{"start":{"line":44,"column":2},"end":{"line":44,"column":21}},"23":{"start":{"line":47,"column":35},"end":{"line":48,"column":92}},"24":{"start":{"line":48,"column":2},"end":{"line":48,"column":92}}},"fnMap":{"0":{"name":"(anonymous_0)","decl":{"start":{"line":8,"column":16},"end":{"line":8,"column":17}},"loc":{"start":{"line":8,"column":36},"end":{"line":10,"column":1}},"line":8},"1":{"name":"(anonymous_1)","decl":{"start":{"line":17,"column":29},"end":{"line":17,"column":30}},"loc":{"start":{"line":17,"column":36},"end":{"line":19,"column":1}},"line":17},"2":{"name":"(anonymous_2)","decl":{"start":{"line":21,"column":22},"end":{"line":21,"column":23}},"loc":{"start":{"line":21,"column":35},"end":{"line":26,"column":1}},"line":21},"3":{"name":"(anonymous_3)","decl":{"start":{"line":28,"column":27},"end":{"line":28,"column":28}},"loc":{"start":{"line":28,"column":35},"end":{"line":33,"column":1}},"line":28},"4":{"name":"(anonymous_4)","decl":{"start":{"line":32,"column":33},"end":{"line":32,"column":34}},"loc":{"start":{"line":32,"column":45},"end":{"line":32,"column":78}},"line":32},"5":{"name":"(anonymous_5)","decl":{"start":{"line":35,"column":26},"end":{"line":35,"column":27}},"loc":{"start":{"line":35,"column":53},"end":{"line":45,"column":1}},"line":35},"6":{"name":"(anonymous_6)","decl":{"start":{"line":47,"column":35},"end":{"line":47,"column":36}},"loc":{"start":{"line":48,"column":2},"end":{"line":48,"column":92}},"line":48}},"branchMap":{"0":{"loc":{"start":{"line":37,"column":2},"end":{"line":39,"column":3}},"type":"if","locations":[{"start":{"line":37,"column":2},"end":{"line":39,"column":3}},{"start":{"line":37,"column":2},"end":{"line":39,"column":3}}],"line":37},"1":{"loc":{"start":{"line":40,"column":2},"end":{"line":42,"column":3}},"type":"if","locations":[{"start":{"line":40,"column":2},"end":{"line":42,"column":3}},{"start":{"line":40,"column":2},"end":{"line":42,"column":3}}],"line":40},"2":{"loc":{"start":{"line":48,"column":2},"end":{"line":48,"column":92}},"type":"binary-expr","locations":[{"start":{"line":48,"column":2},"end":{"line":48,"column":52}},{"start":{"line":48,"column":56},"end":{"line":48,"column":92}}],"line":48}},"s":{"0":1,"1":1,"2":1,"3":1,"4":0,"5":1,"6":1,"7":0,"8":1,"9":0,"10":1,"11":0,"12":0,"13":0,"14":0,"15":0,"16":1,"17":0,"18":0,"19":0,"20":0,"21":0,"22":0,"23":1,"24":0},"f":{"0":0,"1":0,"2":0,"3":0,"4":0,"5":0,"6":0},"b":{"0":[0,0],"1":[0,0],"2":[0,0]},"_coverageSchema":"332fd63041d2c1bcb487cc26dd0d5f7d97098a6c","hash":"a558d5ce431d45c68e80e6f262275d9519a70885"}
,"/Users/helenkang/Downloads/frontend-challenge-master/outlier-ui-challenge-master/src/components/Launch.jsx": {"path":"/Users/helenkang/Downloads/frontend-challenge-master/outlier-ui-challenge-master/src/components/Launch.jsx","statementMap":{"0":{"start":{"line":4,"column":15},"end":{"line":23,"column":1}},"1":{"start":{"line":6,"column":2},"end":{"line":22,"column":4}},"2":{"start":{"line":16,"column":46},"end":{"line":16,"column":130}},"3":{"start":{"line":25,"column":0},"end":{"line":29,"column":2}}},"fnMap":{"0":{"name":"(anonymous_0)","decl":{"start":{"line":4,"column":15},"end":{"line":4,"column":16}},"loc":{"start":{"line":4,"column":50},"end":{"line":23,"column":1}},"line":4},"1":{"name":"(anonymous_1)","decl":{"start":{"line":16,"column":37},"end":{"line":16,"column":38}},"loc":{"start":{"line":16,"column":46},"end":{"line":16,"column":130}},"line":16}},"branchMap":{"0":{"loc":{"start":{"line":13,"column":8},"end":{"line":18,"column":12}},"type":"binary-expr","locations":[{"start":{"line":13,"column":8},"end":{"line":13,"column":14}},{"start":{"line":13,"column":19},"end":{"line":18,"column":12}}],"line":13}},"s":{"0":1,"1":0,"2":0,"3":1},"f":{"0":0,"1":0},"b":{"0":[0,0]},"_coverageSchema":"332fd63041d2c1bcb487cc26dd0d5f7d97098a6c","hash":"372e272adc6a4d24244e3190e0bcf26ae5702f02"}
,"/Users/helenkang/Downloads/frontend-challenge-master/outlier-ui-challenge-master/src/components/Navigation.jsx": {"path":"/Users/helenkang/Downloads/frontend-challenge-master/outlier-ui-challenge-master/src/components/Navigation.jsx","statementMap":{"0":{"start":{"line":4,"column":19},"end":{"line":8,"column":1}},"1":{"start":{"line":5,"column":2},"end":{"line":7,"column":7}}},"fnMap":{"0":{"name":"(anonymous_0)","decl":{"start":{"line":4,"column":19},"end":{"line":4,"column":20}},"loc":{"start":{"line":5,"column":2},"end":{"line":7,"column":7}},"line":5}},"branchMap":{},"s":{"0":1,"1":1},"f":{"0":1},"b":{},"_coverageSchema":"332fd63041d2c1bcb487cc26dd0d5f7d97098a6c","hash":"c8265228c20847dd0d7c1e23e375a5924294992d"}
,"/Users/helenkang/Downloads/frontend-challenge-master/outlier-ui-challenge-master/src/services/LaunchService.js": {"path":"/Users/helenkang/Downloads/frontend-challenge-master/outlier-ui-challenge-master/src/services/LaunchService.js","statementMap":{"0":{"start":{"line":3,"column":21},"end":{"line":3,"column":52}},"1":{"start":{"line":4,"column":19},"end":{"line":4,"column":45}},"2":{"start":{"line":6,"column":12},"end":{"line":6,"column":26}},"3":{"start":{"line":8,"column":22},"end":{"line":10,"column":1}},"4":{"start":{"line":9,"column":13},"end":{"line":9,"column":37}}},"fnMap":{"0":{"name":"(anonymous_0)","decl":{"start":{"line":9,"column":7},"end":{"line":9,"column":8}},"loc":{"start":{"line":9,"column":13},"end":{"line":9,"column":37}},"line":9}},"branchMap":{},"s":{"0":1,"1":1,"2":1,"3":1,"4":1},"f":{"0":1},"b":{},"_coverageSchema":"332fd63041d2c1bcb487cc26dd0d5f7d97098a6c","hash":"061cde1b2a53de83b3e7a507c00b50a6c6cca587"}
,"/Users/helenkang/Downloads/frontend-challenge-master/outlier-ui-challenge-master/src/stores/LaunchCollectionReducer.js": {"path":"/Users/helenkang/Downloads/frontend-challenge-master/outlier-ui-challenge-master/src/stores/LaunchCollectionReducer.js","statementMap":{"0":{"start":{"line":3,"column":21},"end":{"line":6,"column":1}},"1":{"start":{"line":8,"column":23},"end":{"line":18,"column":1}},"2":{"start":{"line":9,"column":46},"end":{"line":12,"column":3}},"3":{"start":{"line":13,"column":54},"end":{"line":17,"column":3}},"4":{"start":{"line":21,"column":2},"end":{"line":21,"column":86}}},"fnMap":{"0":{"name":"(anonymous_0)","decl":{"start":{"line":9,"column":30},"end":{"line":9,"column":31}},"loc":{"start":{"line":9,"column":46},"end":{"line":12,"column":3}},"line":9},"1":{"name":"(anonymous_1)","decl":{"start":{"line":13,"column":30},"end":{"line":13,"column":31}},"loc":{"start":{"line":13,"column":54},"end":{"line":17,"column":3}},"line":13},"2":{"name":"(anonymous_2)","decl":{"start":{"line":20,"column":15},"end":{"line":20,"column":16}},"loc":{"start":{"line":21,"column":2},"end":{"line":21,"column":86}},"line":21}},"branchMap":{"0":{"loc":{"start":{"line":20,"column":16},"end":{"line":20,"column":36}},"type":"default-arg","locations":[{"start":{"line":20,"column":24},"end":{"line":20,"column":36}}],"line":20},"1":{"loc":{"start":{"line":21,"column":2},"end":{"line":21,"column":86}},"type":"cond-expr","locations":[{"start":{"line":21,"column":32},"end":{"line":21,"column":78}},{"start":{"line":21,"column":81},"end":{"line":21,"column":86}}],"line":21}},"s":{"0":1,"1":1,"2":1,"3":0,"4":4},"f":{"0":1,"1":0,"2":4},"b":{"0":[3],"1":[1,3]},"_coverageSchema":"332fd63041d2c1bcb487cc26dd0d5f7d97098a6c","hash":"e53067e13c02e2ed43e74558075a62fc2157e06b"}
,"/Users/helenkang/Downloads/frontend-challenge-master/outlier-ui-challenge-master/src/stores/RocketCollectionReducer.js": {"path":"/Users/helenkang/Downloads/frontend-challenge-master/outlier-ui-challenge-master/src/stores/RocketCollectionReducer.js","statementMap":{"0":{"start":{"line":3,"column":21},"end":{"line":6,"column":1}},"1":{"start":{"line":8,"column":23},"end":{"line":18,"column":1}},"2":{"start":{"line":9,"column":44},"end":{"line":12,"column":3}},"3":{"start":{"line":13,"column":52},"end":{"line":17,"column":3}},"4":{"start":{"line":21,"column":2},"end":{"line":21,"column":86}}},"fnMap":{"0":{"name":"(anonymous_0)","decl":{"start":{"line":9,"column":28},"end":{"line":9,"column":29}},"loc":{"start":{"line":9,"column":44},"end":{"line":12,"column":3}},"line":9},"1":{"name":"(anonymous_1)","decl":{"start":{"line":13,"column":28},"end":{"line":13,"column":29}},"loc":{"start":{"line":13,"column":52},"end":{"line":17,"column":3}},"line":13},"2":{"name":"(anonymous_2)","decl":{"start":{"line":20,"column":15},"end":{"line":20,"column":16}},"loc":{"start":{"line":21,"column":2},"end":{"line":21,"column":86}},"line":21}},"branchMap":{"0":{"loc":{"start":{"line":20,"column":16},"end":{"line":20,"column":36}},"type":"default-arg","locations":[{"start":{"line":20,"column":24},"end":{"line":20,"column":36}}],"line":20},"1":{"loc":{"start":{"line":21,"column":2},"end":{"line":21,"column":86}},"type":"cond-expr","locations":[{"start":{"line":21,"column":32},"end":{"line":21,"column":78}},{"start":{"line":21,"column":81},"end":{"line":21,"column":86}}],"line":21}},"s":{"0":1,"1":1,"2":0,"3":0,"4":4},"f":{"0":0,"1":0,"2":4},"b":{"0":[3],"1":[0,4]},"_coverageSchema":"332fd63041d2c1bcb487cc26dd0d5f7d97098a6c","hash":"bf4e0f03b52837e21801d3c576de9238804bbd39"}
,"/Users/helenkang/Downloads/frontend-challenge-master/outlier-ui-challenge-master/src/stores/Root.js": {"path":"/Users/helenkang/Downloads/frontend-challenge-master/outlier-ui-challenge-master/src/stores/Root.js","statementMap":{"0":{"start":{"line":5,"column":20},"end":{"line":8,"column":2}},"1":{"start":{"line":10,"column":14},"end":{"line":10,"column":38}}},"fnMap":{},"branchMap":{},"s":{"0":1,"1":1},"f":{},"b":{},"_coverageSchema":"332fd63041d2c1bcb487cc26dd0d5f7d97098a6c","hash":"d86ec8b15b6f395c75166371647cb7a58b5a49c4"}
,"/Users/helenkang/Downloads/frontend-challenge-master/outlier-ui-challenge-master/src/views/ConnectedView.jsx": {"path":"/Users/helenkang/Downloads/frontend-challenge-master/outlier-ui-challenge-master/src/views/ConnectedView.jsx","statementMap":{"0":{"start":{"line":7,"column":13},"end":{"line":7,"column":25}},"1":{"start":{"line":13,"column":26},"end":{"line":16,"column":7}},"2":{"start":{"line":18,"column":6},"end":{"line":22,"column":8}},"3":{"start":{"line":26,"column":26},"end":{"line":26,"column":40}},"4":{"start":{"line":26,"column":35},"end":{"line":26,"column":40}},"5":{"start":{"line":28,"column":29},"end":{"line":30,"column":4}},"6":{"start":{"line":28,"column":42},"end":{"line":30,"column":3}},"7":{"start":{"line":32,"column":2},"end":{"line":35,"column":22}}},"fnMap":{"0":{"name":"MasterLayoutHOC","decl":{"start":{"line":9,"column":9},"end":{"line":9,"column":24}},"loc":{"start":{"line":9,"column":53},"end":{"line":36,"column":1}},"line":9},"1":{"name":"(anonymous_1)","decl":{"start":{"line":11,"column":4},"end":{"line":11,"column":5}},"loc":{"start":{"line":11,"column":13},"end":{"line":23,"column":5}},"line":11},"2":{"name":"(anonymous_2)","decl":{"start":{"line":26,"column":26},"end":{"line":26,"column":27}},"loc":{"start":{"line":26,"column":35},"end":{"line":26,"column":40}},"line":26},"3":{"name":"(anonymous_3)","decl":{"start":{"line":28,"column":29},"end":{"line":28,"column":30}},"loc":{"start":{"line":28,"column":42},"end":{"line":30,"column":3}},"line":28}},"branchMap":{},"s":{"0":1,"1":2,"2":2,"3":1,"4":2,"5":1,"6":1,"7":1},"f":{"0":1,"1":2,"2":2,"3":1},"b":{},"_coverageSchema":"332fd63041d2c1bcb487cc26dd0d5f7d97098a6c","hash":"99cffc0143daf49452bc3bbeed73c08a6db1d89a"}
,"/Users/helenkang/Downloads/frontend-challenge-master/outlier-ui-challenge-master/src/views/Launches.jsx": {"path":"/Users/helenkang/Downloads/frontend-challenge-master/outlier-ui-challenge-master/src/views/Launches.jsx","statementMap":{"0":{"start":{"line":20,"column":45},"end":{"line":20,"column":55}},"1":{"start":{"line":21,"column":4},"end":{"line":21,"column":60}},"2":{"start":{"line":27,"column":4},"end":{"line":27,"column":45}},"3":{"start":{"line":28,"column":43},"end":{"line":28,"column":53}},"4":{"start":{"line":29,"column":4},"end":{"line":29,"column":67}},"5":{"start":{"line":33,"column":51},"end":{"line":33,"column":61}},"6":{"start":{"line":34,"column":6},"end":{"line":34,"column":38}},"7":{"start":{"line":35,"column":4},"end":{"line":37,"column":5}},"8":{"start":{"line":36,"column":6},"end":{"line":36,"column":34}},"9":{"start":{"line":39,"column":4},"end":{"line":41,"column":5}},"10":{"start":{"line":40,"column":6},"end":{"line":40,"column":34}},"11":{"start":{"line":43,"column":19},"end":{"line":43,"column":21}},"12":{"start":{"line":45,"column":4},"end":{"line":57,"column":5}},"13":{"start":{"line":46,"column":21},"end":{"line":46,"column":49}},"14":{"start":{"line":47,"column":21},"end":{"line":47,"column":70}},"15":{"start":{"line":49,"column":6},"end":{"line":56,"column":7}},"16":{"start":{"line":53,"column":29},"end":{"line":53,"column":70}},"17":{"start":{"line":59,"column":4},"end":{"line":59,"column":20}},"18":{"start":{"line":63,"column":4},"end":{"line":70,"column":6}}},"fnMap":{"0":{"name":"(anonymous_0)","decl":{"start":{"line":16,"column":2},"end":{"line":16,"column":3}},"loc":{"start":{"line":16,"column":22},"end":{"line":22,"column":3}},"line":16},"1":{"name":"(anonymous_1)","decl":{"start":{"line":26,"column":2},"end":{"line":26,"column":3}},"loc":{"start":{"line":26,"column":25},"end":{"line":30,"column":3}},"line":26},"2":{"name":"(anonymous_2)","decl":{"start":{"line":32,"column":2},"end":{"line":32,"column":3}},"loc":{"start":{"line":32,"column":15},"end":{"line":60,"column":3}},"line":32},"3":{"name":"(anonymous_3)","decl":{"start":{"line":53,"column":23},"end":{"line":53,"column":24}},"loc":{"start":{"line":53,"column":29},"end":{"line":53,"column":70}},"line":53},"4":{"name":"(anonymous_4)","decl":{"start":{"line":62,"column":2},"end":{"line":62,"column":3}},"loc":{"start":{"line":62,"column":11},"end":{"line":71,"column":3}},"line":62}},"branchMap":{"0":{"loc":{"start":{"line":35,"column":4},"end":{"line":37,"column":5}},"type":"if","locations":[{"start":{"line":35,"column":4},"end":{"line":37,"column":5}},{"start":{"line":35,"column":4},"end":{"line":37,"column":5}}],"line":35},"1":{"loc":{"start":{"line":35,"column":8},"end":{"line":35,"column":54}},"type":"binary-expr","locations":[{"start":{"line":35,"column":8},"end":{"line":35,"column":25}},{"start":{"line":35,"column":29},"end":{"line":35,"column":54}}],"line":35},"2":{"loc":{"start":{"line":39,"column":4},"end":{"line":41,"column":5}},"type":"if","locations":[{"start":{"line":39,"column":4},"end":{"line":41,"column":5}},{"start":{"line":39,"column":4},"end":{"line":41,"column":5}}],"line":39}},"s":{"0":1,"1":1,"2":0,"3":0,"4":0,"5":2,"6":2,"7":2,"8":1,"9":1,"10":1,"11":0,"12":0,"13":0,"14":0,"15":0,"16":0,"17":0,"18":2},"f":{"0":1,"1":0,"2":2,"3":0,"4":2},"b":{"0":[1,1],"1":[2,2],"2":[1,0]},"_coverageSchema":"332fd63041d2c1bcb487cc26dd0d5f7d97098a6c","hash":"e3c8ecfffe3818fe2b572e0b630641791f9f712b"}
,"/Users/helenkang/Downloads/frontend-challenge-master/outlier-ui-challenge-master/src/views/Layout.jsx": {"path":"/Users/helenkang/Downloads/frontend-challenge-master/outlier-ui-challenge-master/src/views/Layout.jsx","statementMap":{"0":{"start":{"line":3,"column":15},"end":{"line":17,"column":1}},"1":{"start":{"line":6,"column":2},"end":{"line":16,"column":4}}},"fnMap":{"0":{"name":"(anonymous_0)","decl":{"start":{"line":3,"column":15},"end":{"line":3,"column":16}},"loc":{"start":{"line":5,"column":22},"end":{"line":17,"column":1}},"line":5}},"branchMap":{},"s":{"0":1,"1":2},"f":{"0":2},"b":{},"_coverageSchema":"332fd63041d2c1bcb487cc26dd0d5f7d97098a6c","hash":"ec51e69dc677b54ae3dd269457afb525e395d7fd"}
}
