TN:
SF:/Users/helenkang/Downloads/frontend-challenge-master/outlier-ui-challenge-master/src/routes.jsx
FN:8,(anonymous_0)
FNF:1
FNH:1
FNDA:1,(anonymous_0)
DA:8,1
DA:9,1
LF:2
LH:2
BRF:0
BRH:0
end_of_record
TN:
SF:/Users/helenkang/Downloads/frontend-challenge-master/outlier-ui-challenge-master/src/actions/Launches.js
FN:8,(anonymous_0)
FN:12,(anonymous_1)
FN:19,(anonymous_2)
FN:21,(anonymous_3)
FN:24,(anonymous_4)
FN:26,(anonymous_5)
FNF:6
FNH:4
FNDA:1,(anonymous_0)
FNDA:0,(anonymous_1)
FNDA:1,(anonymous_2)
FNDA:0,(anonymous_3)
FNDA:1,(anonymous_4)
FNDA:1,(anonymous_5)
DA:3,1
DA:8,1
DA:12,1
DA:19,1
DA:20,1
DA:21,1
DA:24,1
DA:26,1
DA:27,1
LF:9
LH:9
BRDA:24,0,0,1
BRDA:24,0,1,0
BRDA:27,1,0,1
BRDA:27,1,1,1
BRF:4
BRH:3
end_of_record
TN:
SF:/Users/helenkang/Downloads/frontend-challenge-master/outlier-ui-challenge-master/src/actions/Rocket.js
FN:8,(anonymous_0)
FN:17,(anonymous_1)
FN:21,(anonymous_2)
FN:28,(anonymous_3)
FN:32,(anonymous_4)
FN:35,(anonymous_5)
FN:47,(anonymous_6)
FNF:7
FNH:0
FNDA:0,(anonymous_0)
FNDA:0,(anonymous_1)
FNDA:0,(anonymous_2)
FNDA:0,(anonymous_3)
FNDA:0,(anonymous_4)
FNDA:0,(anonymous_5)
FNDA:0,(anonymous_6)
DA:3,1
DA:4,1
DA:6,1
DA:8,1
DA:9,0
DA:12,1
DA:17,1
DA:21,1
DA:28,1
DA:29,0
DA:30,0
DA:31,0
DA:32,0
DA:35,1
DA:36,0
DA:37,0
DA:38,0
DA:40,0
DA:41,0
DA:44,0
DA:47,1
DA:48,0
LF:22
LH:10
BRDA:37,0,0,0
BRDA:37,0,1,0
BRDA:40,1,0,0
BRDA:40,1,1,0
BRDA:48,2,0,0
BRDA:48,2,1,0
BRF:6
BRH:0
end_of_record
TN:
SF:/Users/helenkang/Downloads/frontend-challenge-master/outlier-ui-challenge-master/src/components/Launch.jsx
FN:4,(anonymous_0)
FN:16,(anonymous_1)
FNF:2
FNH:1
FNDA:2,(anonymous_0)
FNDA:0,(anonymous_1)
DA:4,1
DA:6,2
DA:16,0
DA:24,1
LF:4
LH:3
BRDA:13,0,0,2
BRDA:13,0,1,2
BRF:2
BRH:2
end_of_record
TN:
SF:/Users/helenkang/Downloads/frontend-challenge-master/outlier-ui-challenge-master/src/components/Navigation.jsx
FN:4,(anonymous_0)
FNF:1
FNH:1
FNDA:1,(anonymous_0)
DA:4,1
DA:5,1
LF:2
LH:2
BRF:0
BRH:0
end_of_record
TN:
SF:/Users/helenkang/Downloads/frontend-challenge-master/outlier-ui-challenge-master/src/services/LaunchService.js
FN:9,(anonymous_0)
FNF:1
FNH:1
FNDA:1,(anonymous_0)
DA:3,1
DA:4,1
DA:6,1
DA:8,1
DA:9,1
LF:5
LH:5
BRF:0
BRH:0
end_of_record
TN:
SF:/Users/helenkang/Downloads/frontend-challenge-master/outlier-ui-challenge-master/src/stores/LaunchCollectionReducer.js
FN:9,(anonymous_0)
FN:13,(anonymous_1)
FN:20,(anonymous_2)
FNF:3
FNH:2
FNDA:1,(anonymous_0)
FNDA:0,(anonymous_1)
FNDA:4,(anonymous_2)
DA:3,1
DA:8,1
DA:9,1
DA:13,0
DA:21,4
LF:5
LH:4
BRDA:20,0,0,3
BRDA:21,1,0,1
BRDA:21,1,1,3
BRF:3
BRH:3
end_of_record
TN:
SF:/Users/helenkang/Downloads/frontend-challenge-master/outlier-ui-challenge-master/src/stores/RocketCollectionReducer.js
FN:9,(anonymous_0)
FN:13,(anonymous_1)
FN:20,(anonymous_2)
FNF:3
FNH:1
FNDA:0,(anonymous_0)
FNDA:0,(anonymous_1)
FNDA:4,(anonymous_2)
DA:3,1
DA:8,1
DA:9,0
DA:13,0
DA:21,4
LF:5
LH:3
BRDA:20,0,0,3
BRDA:21,1,0,0
BRDA:21,1,1,4
BRF:3
BRH:2
end_of_record
TN:
SF:/Users/helenkang/Downloads/frontend-challenge-master/outlier-ui-challenge-master/src/stores/Root.js
FNF:0
FNH:0
DA:5,1
DA:10,1
LF:2
LH:2
BRF:0
BRH:0
end_of_record
TN:
SF:/Users/helenkang/Downloads/frontend-challenge-master/outlier-ui-challenge-master/src/views/ConnectedView.jsx
FN:9,MasterLayoutHOC
FN:11,(anonymous_1)
FN:26,(anonymous_2)
FN:28,(anonymous_3)
FNF:4
FNH:4
FNDA:1,MasterLayoutHOC
FNDA:2,(anonymous_1)
FNDA:2,(anonymous_2)
FNDA:1,(anonymous_3)
DA:7,1
DA:13,2
DA:18,2
DA:26,2
DA:28,1
DA:32,1
LF:6
LH:6
BRF:0
BRH:0
end_of_record
TN:
SF:/Users/helenkang/Downloads/frontend-challenge-master/outlier-ui-challenge-master/src/views/Launches.jsx
FN:16,(anonymous_0)
FN:26,(anonymous_1)
FN:32,(anonymous_2)
FN:53,(anonymous_3)
FN:62,(anonymous_4)
FNF:5
FNH:3
FNDA:1,(anonymous_0)
FNDA:0,(anonymous_1)
FNDA:2,(anonymous_2)
FNDA:0,(anonymous_3)
FNDA:2,(anonymous_4)
DA:20,1
DA:21,1
DA:27,0
DA:28,0
DA:29,0
DA:33,2
DA:35,2
DA:36,1
DA:39,1
DA:40,1
DA:43,0
DA:45,0
DA:46,0
DA:47,0
DA:49,0
DA:53,0
DA:59,0
DA:63,2
LF:18
LH:8
BRDA:35,0,0,1
BRDA:35,0,1,1
BRDA:35,1,0,2
BRDA:35,1,1,2
BRDA:39,2,0,1
BRDA:39,2,1,0
BRF:6
BRH:5
end_of_record
TN:
SF:/Users/helenkang/Downloads/frontend-challenge-master/outlier-ui-challenge-master/src/views/Layout.jsx
FN:3,(anonymous_0)
FNF:1
FNH:1
FNDA:2,(anonymous_0)
DA:3,1
DA:6,2
LF:2
LH:2
BRF:0
BRH:0
end_of_record
